<?xml version="1.0" encoding="UTF-8"?>
<coverage generated="1774365103122" clover="3.2.0">
  <project timestamp="1774365103122" name="All files">
    <metrics statements="79" coveredstatements="75" conditionals="40" coveredconditionals="35" methods="20" coveredmethods="20" elements="139" coveredelements="130" complexity="0" loc="79" ncloc="79" packages="2" files="7" classes="7"/>
    <package name="src">
      <metrics statements="35" coveredstatements="34" conditionals="15" coveredconditionals="14" methods="8" coveredmethods="8"/>
      <file name="buildDiff.js" path="/home/cesar/Escritorio/fullstack-javascript-project-103/src/buildDiff.js">
        <metrics statements="14" coveredstatements="14" conditionals="10" coveredconditionals="10" methods="2" coveredmethods="2"/>
        <line num="3" count="1" type="stmt"/>
        <line num="4" count="13" type="stmt"/>
        <line num="6" count="13" type="stmt"/>
        <line num="7" count="51" type="stmt"/>
        <line num="8" count="51" type="stmt"/>
        <line num="10" count="51" type="cond" truecount="2" falsecount="0"/>
        <line num="11" count="13" type="stmt"/>
        <line num="18" count="38" type="cond" truecount="2" falsecount="0"/>
        <line num="19" count="10" type="stmt"/>
        <line num="26" count="28" type="cond" truecount="4" falsecount="0"/>
        <line num="27" count="8" type="stmt"/>
        <line num="34" count="20" type="cond" truecount="2" falsecount="0"/>
        <line num="35" count="11" type="stmt"/>
        <line num="43" count="9" type="stmt"/>
      </file>
      <file name="genDiff.js" path="/home/cesar/Escritorio/fullstack-javascript-project-103/src/genDiff.js">
        <metrics statements="5" coveredstatements="5" conditionals="1" coveredconditionals="1" methods="1" coveredmethods="1"/>
        <line num="5" count="1" type="cond" truecount="1" falsecount="0"/>
        <line num="6" count="5" type="stmt"/>
        <line num="7" count="5" type="stmt"/>
        <line num="9" count="5" type="stmt"/>
        <line num="11" count="5" type="stmt"/>
      </file>
      <file name="parsers.js" path="/home/cesar/Escritorio/fullstack-javascript-project-103/src/parsers.js">
        <metrics statements="16" coveredstatements="15" conditionals="4" coveredconditionals="3" methods="5" coveredmethods="5"/>
        <line num="6" count="1" type="stmt"/>
        <line num="7" count="10" type="stmt"/>
        <line num="10" count="1" type="stmt"/>
        <line num="11" count="10" type="stmt"/>
        <line num="12" count="10" type="stmt"/>
        <line num="16" count="1" type="stmt"/>
        <line num="17" count="10" type="stmt"/>
        <line num="20" count="1" type="stmt"/>
        <line num="21" count="10" type="cond" truecount="3" falsecount="1"/>
        <line num="23" count="8" type="stmt"/>
        <line num="26" count="2" type="stmt"/>
        <line num="28" count="0" type="stmt"/>
        <line num="33" count="1" type="stmt"/>
        <line num="34" count="10" type="stmt"/>
        <line num="35" count="10" type="stmt"/>
        <line num="36" count="10" type="stmt"/>
      </file>
    </package>
    <package name="src.formatters">
      <metrics statements="44" coveredstatements="41" conditionals="25" coveredconditionals="21" methods="12" coveredmethods="12"/>
      <file name="index.js" path="/home/cesar/Escritorio/fullstack-javascript-project-103/src/formatters/index.js">
        <metrics statements="5" coveredstatements="4" conditionals="3" coveredconditionals="1" methods="1" coveredmethods="1"/>
        <line num="5" count="1" type="stmt"/>
        <line num="12" count="5" type="stmt"/>
        <line num="14" count="5" type="cond" truecount="1" falsecount="1"/>
        <line num="15" count="0" type="stmt"/>
        <line num="18" count="5" type="stmt"/>
      </file>
      <file name="json.js" path="/home/cesar/Escritorio/fullstack-javascript-project-103/src/formatters/json.js">
        <metrics statements="1" coveredstatements="1" conditionals="0" coveredconditionals="0" methods="1" coveredmethods="1"/>
        <line num="1" count="1" type="stmt"/>
      </file>
      <file name="plain.js" path="/home/cesar/Escritorio/fullstack-javascript-project-103/src/formatters/plain.js">
        <metrics statements="17" coveredstatements="16" conditionals="12" coveredconditionals="11" methods="4" coveredmethods="4"/>
        <line num="3" count="1" type="stmt"/>
        <line num="4" count="13" type="cond" truecount="2" falsecount="0"/>
        <line num="5" count="3" type="stmt"/>
        <line num="7" count="10" type="cond" truecount="2" falsecount="0"/>
        <line num="8" count="7" type="stmt"/>
        <line num="10" count="3" type="stmt"/>
        <line num="13" count="1" type="cond" truecount="1" falsecount="0"/>
        <line num="14" count="5" type="stmt"/>
        <line num="15" count="18" type="stmt"/>
        <line num="17" count="15" type="cond" truecount="2" falsecount="0"/>
        <line num="19" count="15" type="cond" truecount="4" falsecount="1"/>
        <line num="21" count="5" type="stmt"/>
        <line num="26" count="2" type="stmt"/>
        <line num="29" count="4" type="stmt"/>
        <line num="34" count="4" type="stmt"/>
        <line num="37" count="0" type="stmt"/>
        <line num="41" count="5" type="stmt"/>
      </file>
      <file name="stylish.js" path="/home/cesar/Escritorio/fullstack-javascript-project-103/src/formatters/stylish.js">
        <metrics statements="21" coveredstatements="20" conditionals="10" coveredconditionals="9" methods="6" coveredmethods="6"/>
        <line num="3" count="1" type="stmt"/>
        <line num="4" count="1" type="cond" truecount="1" falsecount="0"/>
        <line num="5" count="48" type="stmt"/>
        <line num="7" count="1" type="stmt"/>
        <line num="8" count="39" type="cond" truecount="2" falsecount="0"/>
        <line num="9" count="32" type="stmt"/>
        <line num="12" count="7" type="stmt"/>
        <line num="14" count="9" type="stmt"/>
        <line num="17" count="7" type="stmt"/>
        <line num="20" count="1" type="cond" truecount="1" falsecount="0"/>
        <line num="21" count="7" type="stmt"/>
        <line num="22" count="28" type="stmt"/>
        <line num="24" count="28" type="cond" truecount="5" falsecount="1"/>
        <line num="26" count="7" type="stmt"/>
        <line num="29" count="6" type="stmt"/>
        <line num="32" count="5" type="stmt"/>
        <line num="35" count="6" type="stmt"/>
        <line num="41" count="4" type="stmt"/>
        <line num="47" count="0" type="stmt"/>
        <line num="51" count="7" type="stmt"/>
        <line num="54" count="3" type="stmt"/>
      </file>
    </package>
  </project>
</coverage>
