{"/home/cesar/Escritorio/fullstack-javascript-project-103/src/genDiff.js": {"path":"/home/cesar/Escritorio/fullstack-javascript-project-103/src/genDiff.js","statementMap":{"0":{"start":{"line":5,"column":16},"end":{"line":34,"column":1}},"1":{"start":{"line":6,"column":15},"end":{"line":6,"column":35}},"2":{"start":{"line":7,"column":15},"end":{"line":7,"column":35}},"3":{"start":{"line":9,"column":15},"end":{"line":9,"column":70}},"4":{"start":{"line":11,"column":17},"end":{"line":31,"column":4}},"5":{"start":{"line":12,"column":16},"end":{"line":12,"column":40}},"6":{"start":{"line":13,"column":16},"end":{"line":13,"column":40}},"7":{"start":{"line":14,"column":17},"end":{"line":14,"column":26}},"8":{"start":{"line":15,"column":17},"end":{"line":15,"column":26}},"9":{"start":{"line":17,"column":4},"end":{"line":19,"column":5}},"10":{"start":{"line":18,"column":6},"end":{"line":18,"column":35}},"11":{"start":{"line":20,"column":4},"end":{"line":22,"column":5}},"12":{"start":{"line":21,"column":6},"end":{"line":21,"column":35}},"13":{"start":{"line":23,"column":4},"end":{"line":28,"column":5}},"14":{"start":{"line":24,"column":6},"end":{"line":27,"column":8}},"15":{"start":{"line":30,"column":4},"end":{"line":30,"column":33}},"16":{"start":{"line":33,"column":2},"end":{"line":33,"column":38}}},"fnMap":{"0":{"name":"(anonymous_0)","decl":{"start":{"line":5,"column":16},"end":{"line":5,"column":17}},"loc":{"start":{"line":5,"column":42},"end":{"line":34,"column":1}},"line":5},"1":{"name":"(anonymous_1)","decl":{"start":{"line":11,"column":30},"end":{"line":11,"column":31}},"loc":{"start":{"line":11,"column":39},"end":{"line":31,"column":3}},"line":11}},"branchMap":{"0":{"loc":{"start":{"line":17,"column":4},"end":{"line":19,"column":5}},"type":"if","locations":[{"start":{"line":17,"column":4},"end":{"line":19,"column":5}},{"start":{},"end":{}}],"line":17},"1":{"loc":{"start":{"line":17,"column":8},"end":{"line":17,"column":19}},"type":"binary-expr","locations":[{"start":{"line":17,"column":8},"end":{"line":17,"column":11}},{"start":{"line":17,"column":15},"end":{"line":17,"column":19}}],"line":17},"2":{"loc":{"start":{"line":20,"column":4},"end":{"line":22,"column":5}},"type":"if","locations":[{"start":{"line":20,"column":4},"end":{"line":22,"column":5}},{"start":{},"end":{}}],"line":20},"3":{"loc":{"start":{"line":20,"column":8},"end":{"line":20,"column":19}},"type":"binary-expr","locations":[{"start":{"line":20,"column":8},"end":{"line":20,"column":12}},{"start":{"line":20,"column":16},"end":{"line":20,"column":19}}],"line":20},"4":{"loc":{"start":{"line":23,"column":4},"end":{"line":28,"column":5}},"type":"if","locations":[{"start":{"line":23,"column":4},"end":{"line":28,"column":5}},{"start":{},"end":{}}],"line":23}},"s":{"0":1,"1":1,"2":1,"3":1,"4":1,"5":5,"6":5,"7":5,"8":5,"9":5,"10":2,"11":3,"12":1,"13":2,"14":1,"15":1,"16":1},"f":{"0":1,"1":5},"b":{"0":[2,3],"1":[5,4],"2":[1,2],"3":[3,1],"4":[1,1]},"_coverageSchema":"1a1c01bbd47fc00a2c39e90264f33305004495a9","hash":"f00accd593c9c6c606085829e9b138a432bace4d"}
,"/home/cesar/Escritorio/fullstack-javascript-project-103/src/parsers.js": {"path":"/home/cesar/Escritorio/fullstack-javascript-project-103/src/parsers.js","statementMap":{"0":{"start":{"line":5,"column":31},"end":{"line":6,"column":39}},"1":{"start":{"line":6,"column":2},"end":{"line":6,"column":39}},"2":{"start":{"line":9,"column":24},"end":{"line":12,"column":1}},"3":{"start":{"line":10,"column":19},"end":{"line":10,"column":44}},"4":{"start":{"line":11,"column":2},"end":{"line":11,"column":44}},"5":{"start":{"line":15,"column":25},"end":{"line":16,"column":33}},"6":{"start":{"line":16,"column":2},"end":{"line":16,"column":33}},"7":{"start":{"line":19,"column":25},"end":{"line":26,"column":1}},"8":{"start":{"line":20,"column":2},"end":{"line":25,"column":3}},"9":{"start":{"line":22,"column":6},"end":{"line":22,"column":30}},"10":{"start":{"line":24,"column":6},"end":{"line":24,"column":57}},"11":{"start":{"line":29,"column":25},"end":{"line":33,"column":1}},"12":{"start":{"line":30,"column":15},"end":{"line":30,"column":33}},"13":{"start":{"line":31,"column":17},"end":{"line":31,"column":36}},"14":{"start":{"line":32,"column":2},"end":{"line":32,"column":33}}},"fnMap":{"0":{"name":"(anonymous_0)","decl":{"start":{"line":5,"column":31},"end":{"line":5,"column":32}},"loc":{"start":{"line":6,"column":2},"end":{"line":6,"column":39}},"line":6},"1":{"name":"(anonymous_1)","decl":{"start":{"line":9,"column":24},"end":{"line":9,"column":25}},"loc":{"start":{"line":9,"column":38},"end":{"line":12,"column":1}},"line":9},"2":{"name":"(anonymous_2)","decl":{"start":{"line":15,"column":25},"end":{"line":15,"column":26}},"loc":{"start":{"line":16,"column":2},"end":{"line":16,"column":33}},"line":16},"3":{"name":"(anonymous_3)","decl":{"start":{"line":19,"column":25},"end":{"line":19,"column":26}},"loc":{"start":{"line":19,"column":43},"end":{"line":26,"column":1}},"line":19},"4":{"name":"(anonymous_4)","decl":{"start":{"line":29,"column":25},"end":{"line":29,"column":26}},"loc":{"start":{"line":29,"column":39},"end":{"line":33,"column":1}},"line":29}},"branchMap":{"0":{"loc":{"start":{"line":20,"column":2},"end":{"line":25,"column":3}},"type":"switch","locations":[{"start":{"line":21,"column":4},"end":{"line":22,"column":30}},{"start":{"line":23,"column":4},"end":{"line":24,"column":57}}],"line":20}},"s":{"0":1,"1":2,"2":1,"3":2,"4":2,"5":1,"6":2,"7":1,"8":2,"9":2,"10":0,"11":1,"12":2,"13":2,"14":2},"f":{"0":2,"1":2,"2":2,"3":2,"4":2},"b":{"0":[2,0]},"_coverageSchema":"1a1c01bbd47fc00a2c39e90264f33305004495a9","hash":"3a98c1ed9289ddcfb14b396c9940832021f630a0"}
}
