{"/home/cesar/Escritorio/fullstack-javascript-project-103/src/buildDiff.js": {"path":"/home/cesar/Escritorio/fullstack-javascript-project-103/src/buildDiff.js","statementMap":{"0":{"start":{"line":3,"column":18},"end":{"line":49,"column":1}},"1":{"start":{"line":4,"column":15},"end":{"line":4,"column":70}},"2":{"start":{"line":6,"column":2},"end":{"line":48,"column":5}},"3":{"start":{"line":7,"column":19},"end":{"line":7,"column":28}},"4":{"start":{"line":8,"column":19},"end":{"line":8,"column":28}},"5":{"start":{"line":10,"column":4},"end":{"line":16,"column":5}},"6":{"start":{"line":11,"column":6},"end":{"line":15,"column":8}},"7":{"start":{"line":18,"column":4},"end":{"line":24,"column":5}},"8":{"start":{"line":19,"column":6},"end":{"line":23,"column":8}},"9":{"start":{"line":26,"column":4},"end":{"line":32,"column":5}},"10":{"start":{"line":27,"column":6},"end":{"line":31,"column":8}},"11":{"start":{"line":34,"column":4},"end":{"line":41,"column":5}},"12":{"start":{"line":35,"column":6},"end":{"line":40,"column":8}},"13":{"start":{"line":43,"column":4},"end":{"line":47,"column":6}}},"fnMap":{"0":{"name":"(anonymous_0)","decl":{"start":{"line":3,"column":18},"end":{"line":3,"column":19}},"loc":{"start":{"line":3,"column":34},"end":{"line":49,"column":1}},"line":3},"1":{"name":"(anonymous_1)","decl":{"start":{"line":6,"column":18},"end":{"line":6,"column":19}},"loc":{"start":{"line":6,"column":27},"end":{"line":48,"column":3}},"line":6}},"branchMap":{"0":{"loc":{"start":{"line":10,"column":4},"end":{"line":16,"column":5}},"type":"if","locations":[{"start":{"line":10,"column":4},"end":{"line":16,"column":5}},{"start":{},"end":{}}],"line":10},"1":{"loc":{"start":{"line":18,"column":4},"end":{"line":24,"column":5}},"type":"if","locations":[{"start":{"line":18,"column":4},"end":{"line":24,"column":5}},{"start":{},"end":{}}],"line":18},"2":{"loc":{"start":{"line":26,"column":4},"end":{"line":32,"column":5}},"type":"if","locations":[{"start":{"line":26,"column":4},"end":{"line":32,"column":5}},{"start":{},"end":{}}],"line":26},"3":{"loc":{"start":{"line":26,"column":8},"end":{"line":26,"column":58}},"type":"binary-expr","locations":[{"start":{"line":26,"column":8},"end":{"line":26,"column":31}},{"start":{"line":26,"column":35},"end":{"line":26,"column":58}}],"line":26},"4":{"loc":{"start":{"line":34,"column":4},"end":{"line":41,"column":5}},"type":"if","locations":[{"start":{"line":34,"column":4},"end":{"line":41,"column":5}},{"start":{},"end":{}}],"line":34}},"s":{"0":1,"1":13,"2":13,"3":51,"4":51,"5":51,"6":13,"7":38,"8":10,"9":28,"10":8,"11":20,"12":11,"13":9},"f":{"0":13,"1":51},"b":{"0":[13,38],"1":[10,28],"2":[8,20],"3":[28,10],"4":[11,9]},"_coverageSchema":"1a1c01bbd47fc00a2c39e90264f33305004495a9","hash":"9206f84b1b9587743c67ef440375d5c1929580be"}
,"/home/cesar/Escritorio/fullstack-javascript-project-103/src/genDiff.js": {"path":"/home/cesar/Escritorio/fullstack-javascript-project-103/src/genDiff.js","statementMap":{"0":{"start":{"line":5,"column":16},"end":{"line":12,"column":1}},"1":{"start":{"line":6,"column":16},"end":{"line":6,"column":36}},"2":{"start":{"line":7,"column":16},"end":{"line":7,"column":36}},"3":{"start":{"line":9,"column":19},"end":{"line":9,"column":42}},"4":{"start":{"line":11,"column":2},"end":{"line":11,"column":38}}},"fnMap":{"0":{"name":"(anonymous_0)","decl":{"start":{"line":5,"column":16},"end":{"line":5,"column":17}},"loc":{"start":{"line":5,"column":66},"end":{"line":12,"column":1}},"line":5}},"branchMap":{"0":{"loc":{"start":{"line":5,"column":39},"end":{"line":5,"column":61}},"type":"default-arg","locations":[{"start":{"line":5,"column":52},"end":{"line":5,"column":61}}],"line":5}},"s":{"0":1,"1":5,"2":5,"3":5,"4":5},"f":{"0":5},"b":{"0":[3]},"_coverageSchema":"1a1c01bbd47fc00a2c39e90264f33305004495a9","hash":"97d2d0e3771db97afdd699662c2d3c13c5361fc7"}
,"/home/cesar/Escritorio/fullstack-javascript-project-103/src/parsers.js": {"path":"/home/cesar/Escritorio/fullstack-javascript-project-103/src/parsers.js","statementMap":{"0":{"start":{"line":6,"column":31},"end":{"line":6,"column":67}},"1":{"start":{"line":6,"column":45},"end":{"line":6,"column":67}},"2":{"start":{"line":9,"column":24},"end":{"line":12,"column":1}},"3":{"start":{"line":10,"column":19},"end":{"line":10,"column":44}},"4":{"start":{"line":11,"column":2},"end":{"line":11,"column":44}},"5":{"start":{"line":15,"column":25},"end":{"line":15,"column":70}},"6":{"start":{"line":15,"column":39},"end":{"line":15,"column":70}},"7":{"start":{"line":18,"column":25},"end":{"line":28,"column":1}},"8":{"start":{"line":19,"column":2},"end":{"line":27,"column":3}},"9":{"start":{"line":21,"column":6},"end":{"line":21,"column":30}},"10":{"start":{"line":24,"column":6},"end":{"line":24,"column":29}},"11":{"start":{"line":26,"column":6},"end":{"line":26,"column":57}},"12":{"start":{"line":31,"column":25},"end":{"line":35,"column":1}},"13":{"start":{"line":32,"column":18},"end":{"line":32,"column":36}},"14":{"start":{"line":33,"column":17},"end":{"line":33,"column":36}},"15":{"start":{"line":34,"column":2},"end":{"line":34,"column":36}}},"fnMap":{"0":{"name":"(anonymous_0)","decl":{"start":{"line":6,"column":31},"end":{"line":6,"column":32}},"loc":{"start":{"line":6,"column":45},"end":{"line":6,"column":67}},"line":6},"1":{"name":"(anonymous_1)","decl":{"start":{"line":9,"column":24},"end":{"line":9,"column":25}},"loc":{"start":{"line":9,"column":38},"end":{"line":12,"column":1}},"line":9},"2":{"name":"(anonymous_2)","decl":{"start":{"line":15,"column":25},"end":{"line":15,"column":26}},"loc":{"start":{"line":15,"column":39},"end":{"line":15,"column":70}},"line":15},"3":{"name":"(anonymous_3)","decl":{"start":{"line":18,"column":25},"end":{"line":18,"column":26}},"loc":{"start":{"line":18,"column":43},"end":{"line":28,"column":1}},"line":18},"4":{"name":"(anonymous_4)","decl":{"start":{"line":31,"column":25},"end":{"line":31,"column":26}},"loc":{"start":{"line":31,"column":39},"end":{"line":35,"column":1}},"line":31}},"branchMap":{"0":{"loc":{"start":{"line":19,"column":2},"end":{"line":27,"column":3}},"type":"switch","locations":[{"start":{"line":20,"column":4},"end":{"line":21,"column":30}},{"start":{"line":22,"column":4},"end":{"line":22,"column":15}},{"start":{"line":23,"column":4},"end":{"line":24,"column":29}},{"start":{"line":25,"column":4},"end":{"line":26,"column":57}}],"line":19}},"s":{"0":1,"1":10,"2":1,"3":10,"4":10,"5":1,"6":10,"7":1,"8":10,"9":8,"10":2,"11":0,"12":1,"13":10,"14":10,"15":10},"f":{"0":10,"1":10,"2":10,"3":10,"4":10},"b":{"0":[8,2,2,0]},"_coverageSchema":"1a1c01bbd47fc00a2c39e90264f33305004495a9","hash":"4f3a6416186df21654e4c51607a4914c2f67b58d"}
,"/home/cesar/Escritorio/fullstack-javascript-project-103/src/formatters/index.js": {"path":"/home/cesar/Escritorio/fullstack-javascript-project-103/src/formatters/index.js","statementMap":{"0":{"start":{"line":5,"column":19},"end":{"line":9,"column":1}},"1":{"start":{"line":12,"column":20},"end":{"line":12,"column":42}},"2":{"start":{"line":14,"column":2},"end":{"line":16,"column":3}},"3":{"start":{"line":15,"column":4},"end":{"line":15,"column":53}},"4":{"start":{"line":18,"column":2},"end":{"line":18,"column":25}}},"fnMap":{"0":{"name":"(anonymous_0)","decl":{"start":{"line":11,"column":15},"end":{"line":11,"column":16}},"loc":{"start":{"line":11,"column":49},"end":{"line":19,"column":1}},"line":11}},"branchMap":{"0":{"loc":{"start":{"line":11,"column":22},"end":{"line":11,"column":44}},"type":"default-arg","locations":[{"start":{"line":11,"column":35},"end":{"line":11,"column":44}}],"line":11},"1":{"loc":{"start":{"line":14,"column":2},"end":{"line":16,"column":3}},"type":"if","locations":[{"start":{"line":14,"column":2},"end":{"line":16,"column":3}},{"start":{},"end":{}}],"line":14}},"s":{"0":1,"1":5,"2":5,"3":0,"4":5},"f":{"0":5},"b":{"0":[0],"1":[0,5]},"_coverageSchema":"1a1c01bbd47fc00a2c39e90264f33305004495a9","hash":"bd38e2ca9579e46f4a10a30ba18592e8a157c3d0"}
,"/home/cesar/Escritorio/fullstack-javascript-project-103/src/formatters/json.js": {"path":"/home/cesar/Escritorio/fullstack-javascript-project-103/src/formatters/json.js","statementMap":{"0":{"start":{"line":1,"column":13},"end":{"line":1,"column":60}},"1":{"start":{"line":1,"column":27},"end":{"line":1,"column":60}}},"fnMap":{"0":{"name":"(anonymous_0)","decl":{"start":{"line":1,"column":13},"end":{"line":1,"column":14}},"loc":{"start":{"line":1,"column":27},"end":{"line":1,"column":60}},"line":1}},"branchMap":{},"s":{"0":1,"1":1},"f":{"0":1},"b":{},"_coverageSchema":"1a1c01bbd47fc00a2c39e90264f33305004495a9","hash":"1f20f98b91de916f68f98292f6ae9523d6f9d5ab"}
,"/home/cesar/Escritorio/fullstack-javascript-project-103/src/formatters/plain.js": {"path":"/home/cesar/Escritorio/fullstack-javascript-project-103/src/formatters/plain.js","statementMap":{"0":{"start":{"line":3,"column":20},"end":{"line":11,"column":1}},"1":{"start":{"line":4,"column":2},"end":{"line":6,"column":3}},"2":{"start":{"line":5,"column":4},"end":{"line":5,"column":29}},"3":{"start":{"line":7,"column":2},"end":{"line":9,"column":3}},"4":{"start":{"line":8,"column":4},"end":{"line":8,"column":24}},"5":{"start":{"line":10,"column":2},"end":{"line":10,"column":23}},"6":{"start":{"line":13,"column":14},"end":{"line":42,"column":1}},"7":{"start":{"line":14,"column":16},"end":{"line":39,"column":6}},"8":{"start":{"line":15,"column":22},"end":{"line":15,"column":47}},"9":{"start":{"line":17,"column":27},"end":{"line":17,"column":78}},"10":{"start":{"line":19,"column":6},"end":{"line":38,"column":7}},"11":{"start":{"line":21,"column":10},"end":{"line":23,"column":14}},"12":{"start":{"line":26,"column":10},"end":{"line":26,"column":58}},"13":{"start":{"line":29,"column":10},"end":{"line":31,"column":45}},"14":{"start":{"line":34,"column":10},"end":{"line":34,"column":52}},"15":{"start":{"line":37,"column":10},"end":{"line":37,"column":20}},"16":{"start":{"line":41,"column":2},"end":{"line":41,"column":26}}},"fnMap":{"0":{"name":"(anonymous_0)","decl":{"start":{"line":3,"column":20},"end":{"line":3,"column":21}},"loc":{"start":{"line":3,"column":31},"end":{"line":11,"column":1}},"line":3},"1":{"name":"(anonymous_1)","decl":{"start":{"line":13,"column":14},"end":{"line":13,"column":15}},"loc":{"start":{"line":13,"column":41},"end":{"line":42,"column":1}},"line":13},"2":{"name":"(anonymous_2)","decl":{"start":{"line":15,"column":12},"end":{"line":15,"column":13}},"loc":{"start":{"line":15,"column":22},"end":{"line":15,"column":47}},"line":15},"3":{"name":"(anonymous_3)","decl":{"start":{"line":16,"column":13},"end":{"line":16,"column":14}},"loc":{"start":{"line":16,"column":23},"end":{"line":39,"column":5}},"line":16}},"branchMap":{"0":{"loc":{"start":{"line":4,"column":2},"end":{"line":6,"column":3}},"type":"if","locations":[{"start":{"line":4,"column":2},"end":{"line":6,"column":3}},{"start":{},"end":{}}],"line":4},"1":{"loc":{"start":{"line":7,"column":2},"end":{"line":9,"column":3}},"type":"if","locations":[{"start":{"line":7,"column":2},"end":{"line":9,"column":3}},{"start":{},"end":{}}],"line":7},"2":{"loc":{"start":{"line":13,"column":21},"end":{"line":13,"column":36}},"type":"default-arg","locations":[{"start":{"line":13,"column":34},"end":{"line":13,"column":36}}],"line":13},"3":{"loc":{"start":{"line":17,"column":27},"end":{"line":17,"column":78}},"type":"cond-expr","locations":[{"start":{"line":17,"column":40},"end":{"line":17,"column":67}},{"start":{"line":17,"column":70},"end":{"line":17,"column":78}}],"line":17},"4":{"loc":{"start":{"line":19,"column":6},"end":{"line":38,"column":7}},"type":"switch","locations":[{"start":{"line":20,"column":8},"end":{"line":23,"column":14}},{"start":{"line":25,"column":8},"end":{"line":26,"column":58}},{"start":{"line":28,"column":8},"end":{"line":31,"column":45}},{"start":{"line":33,"column":8},"end":{"line":34,"column":52}},{"start":{"line":36,"column":8},"end":{"line":37,"column":20}}],"line":19}},"s":{"0":1,"1":13,"2":3,"3":10,"4":7,"5":3,"6":1,"7":5,"8":18,"9":15,"10":15,"11":5,"12":2,"13":4,"14":4,"15":0,"16":5},"f":{"0":13,"1":5,"2":18,"3":15},"b":{"0":[3,10],"1":[7,3],"2":[1],"3":[11,4],"4":[5,2,4,4,0]},"_coverageSchema":"1a1c01bbd47fc00a2c39e90264f33305004495a9","hash":"fdaf435e02f92d8790210e4fc64fa261888426ce"}
,"/home/cesar/Escritorio/fullstack-javascript-project-103/src/formatters/stylish.js": {"path":"/home/cesar/Escritorio/fullstack-javascript-project-103/src/formatters/stylish.js","statementMap":{"0":{"start":{"line":3,"column":19},"end":{"line":3,"column":20}},"1":{"start":{"line":4,"column":18},"end":{"line":5,"column":41}},"2":{"start":{"line":5,"column":2},"end":{"line":5,"column":41}},"3":{"start":{"line":7,"column":18},"end":{"line":18,"column":1}},"4":{"start":{"line":8,"column":2},"end":{"line":10,"column":3}},"5":{"start":{"line":9,"column":4},"end":{"line":9,"column":25}},"6":{"start":{"line":12,"column":16},"end":{"line":15,"column":3}},"7":{"start":{"line":14,"column":6},"end":{"line":14,"column":67}},"8":{"start":{"line":17,"column":2},"end":{"line":17,"column":56}},"9":{"start":{"line":20,"column":16},"end":{"line":52,"column":1}},"10":{"start":{"line":21,"column":16},"end":{"line":49,"column":4}},"11":{"start":{"line":22,"column":19},"end":{"line":22,"column":38}},"12":{"start":{"line":24,"column":4},"end":{"line":48,"column":5}},"13":{"start":{"line":26,"column":8},"end":{"line":26,"column":73}},"14":{"start":{"line":29,"column":8},"end":{"line":29,"column":73}},"15":{"start":{"line":32,"column":8},"end":{"line":32,"column":73}},"16":{"start":{"line":35,"column":8},"end":{"line":38,"column":21}},"17":{"start":{"line":41,"column":8},"end":{"line":44,"column":34}},"18":{"start":{"line":47,"column":8},"end":{"line":47,"column":54}},"19":{"start":{"line":51,"column":2},"end":{"line":51,"column":26}},"20":{"start":{"line":54,"column":25},"end":{"line":54,"column":49}}},"fnMap":{"0":{"name":"(anonymous_0)","decl":{"start":{"line":4,"column":18},"end":{"line":4,"column":19}},"loc":{"start":{"line":5,"column":2},"end":{"line":5,"column":41}},"line":5},"1":{"name":"(anonymous_1)","decl":{"start":{"line":7,"column":18},"end":{"line":7,"column":19}},"loc":{"start":{"line":7,"column":36},"end":{"line":18,"column":1}},"line":7},"2":{"name":"(anonymous_2)","decl":{"start":{"line":13,"column":4},"end":{"line":13,"column":5}},"loc":{"start":{"line":14,"column":6},"end":{"line":14,"column":67}},"line":14},"3":{"name":"(anonymous_3)","decl":{"start":{"line":20,"column":16},"end":{"line":20,"column":17}},"loc":{"start":{"line":20,"column":37},"end":{"line":52,"column":1}},"line":20},"4":{"name":"(anonymous_4)","decl":{"start":{"line":21,"column":25},"end":{"line":21,"column":26}},"loc":{"start":{"line":21,"column":35},"end":{"line":49,"column":3}},"line":21},"5":{"name":"(anonymous_5)","decl":{"start":{"line":54,"column":15},"end":{"line":54,"column":16}},"loc":{"start":{"line":54,"column":25},"end":{"line":54,"column":49}},"line":54}},"branchMap":{"0":{"loc":{"start":{"line":4,"column":26},"end":{"line":4,"column":36}},"type":"default-arg","locations":[{"start":{"line":4,"column":35},"end":{"line":4,"column":36}}],"line":4},"1":{"loc":{"start":{"line":8,"column":2},"end":{"line":10,"column":3}},"type":"if","locations":[{"start":{"line":8,"column":2},"end":{"line":10,"column":3}},{"start":{},"end":{}}],"line":8},"2":{"loc":{"start":{"line":20,"column":23},"end":{"line":20,"column":32}},"type":"default-arg","locations":[{"start":{"line":20,"column":31},"end":{"line":20,"column":32}}],"line":20},"3":{"loc":{"start":{"line":24,"column":4},"end":{"line":48,"column":5}},"type":"switch","locations":[{"start":{"line":25,"column":6},"end":{"line":26,"column":73}},{"start":{"line":28,"column":6},"end":{"line":29,"column":73}},{"start":{"line":31,"column":6},"end":{"line":32,"column":73}},{"start":{"line":34,"column":6},"end":{"line":38,"column":21}},{"start":{"line":40,"column":6},"end":{"line":44,"column":34}},{"start":{"line":46,"column":6},"end":{"line":47,"column":54}}],"line":24}},"s":{"0":1,"1":1,"2":48,"3":1,"4":39,"5":32,"6":7,"7":9,"8":7,"9":1,"10":7,"11":28,"12":28,"13":7,"14":6,"15":5,"16":6,"17":4,"18":0,"19":7,"20":3},"f":{"0":48,"1":39,"2":9,"3":7,"4":28,"5":3},"b":{"0":[20],"1":[32,7],"2":[3],"3":[7,6,5,6,4,0]},"_coverageSchema":"1a1c01bbd47fc00a2c39e90264f33305004495a9","hash":"eb8e5d5fef8e50dd9cee20593c3e5f13b0889df7"}
}
