TN:
SF:src/buildDiff.js
FN:3,(anonymous_0)
FN:6,(anonymous_1)
FNF:2
FNH:2
FNDA:13,(anonymous_0)
FNDA:51,(anonymous_1)
DA:3,1
DA:4,13
DA:6,13
DA:7,51
DA:8,51
DA:10,51
DA:11,13
DA:18,38
DA:19,10
DA:26,28
DA:27,8
DA:34,20
DA:35,11
DA:43,9
LF:14
LH:14
BRDA:10,0,0,13
BRDA:10,0,1,38
BRDA:18,1,0,10
BRDA:18,1,1,28
BRDA:26,2,0,8
BRDA:26,2,1,20
BRDA:26,3,0,28
BRDA:26,3,1,10
BRDA:34,4,0,11
BRDA:34,4,1,9
BRF:10
BRH:10
end_of_record
TN:
SF:src/genDiff.js
FN:5,(anonymous_0)
FNF:1
FNH:1
FNDA:5,(anonymous_0)
DA:5,1
DA:6,5
DA:7,5
DA:9,5
DA:11,5
LF:5
LH:5
BRDA:5,0,0,3
BRF:1
BRH:1
end_of_record
TN:
SF:src/parsers.js
FN:6,(anonymous_0)
FN:9,(anonymous_1)
FN:15,(anonymous_2)
FN:18,(anonymous_3)
FN:31,(anonymous_4)
FNF:5
FNH:5
FNDA:10,(anonymous_0)
FNDA:10,(anonymous_1)
FNDA:10,(anonymous_2)
FNDA:10,(anonymous_3)
FNDA:10,(anonymous_4)
DA:6,10
DA:9,1
DA:10,10
DA:11,10
DA:15,10
DA:18,1
DA:19,10
DA:21,8
DA:24,2
DA:26,0
DA:31,1
DA:32,10
DA:33,10
DA:34,10
LF:14
LH:13
BRDA:19,0,0,8
BRDA:19,0,1,2
BRDA:19,0,2,2
BRDA:19,0,3,0
BRF:4
BRH:3
end_of_record
TN:
SF:src/formatters/index.js
FN:11,(anonymous_0)
FNF:1
FNH:1
FNDA:5,(anonymous_0)
DA:5,1
DA:12,5
DA:14,5
DA:15,0
DA:18,5
LF:5
LH:4
BRDA:11,0,0,0
BRDA:14,1,0,0
BRDA:14,1,1,5
BRF:3
BRH:1
end_of_record
TN:
SF:src/formatters/json.js
FN:1,(anonymous_0)
FNF:1
FNH:1
FNDA:1,(anonymous_0)
DA:1,1
LF:1
LH:1
BRF:0
BRH:0
end_of_record
TN:
SF:src/formatters/plain.js
FN:3,(anonymous_0)
FN:13,(anonymous_1)
FN:15,(anonymous_2)
FN:16,(anonymous_3)
FNF:4
FNH:4
FNDA:13,(anonymous_0)
FNDA:5,(anonymous_1)
FNDA:18,(anonymous_2)
FNDA:15,(anonymous_3)
DA:3,1
DA:4,13
DA:5,3
DA:7,10
DA:8,7
DA:10,3
DA:13,1
DA:14,5
DA:15,18
DA:17,15
DA:19,15
DA:21,5
DA:26,2
DA:29,4
DA:34,4
DA:37,0
DA:41,5
LF:17
LH:16
BRDA:4,0,0,3
BRDA:4,0,1,10
BRDA:7,1,0,7
BRDA:7,1,1,3
BRDA:13,2,0,1
BRDA:17,3,0,11
BRDA:17,3,1,4
BRDA:19,4,0,5
BRDA:19,4,1,2
BRDA:19,4,2,4
BRDA:19,4,3,4
BRDA:19,4,4,0
BRF:12
BRH:11
end_of_record
TN:
SF:src/formatters/stylish.js
FN:4,(anonymous_0)
FN:7,(anonymous_1)
FN:13,(anonymous_2)
FN:20,(anonymous_3)
FN:21,(anonymous_4)
FN:54,(anonymous_5)
FNF:6
FNH:6
FNDA:48,(anonymous_0)
FNDA:39,(anonymous_1)
FNDA:9,(anonymous_2)
FNDA:7,(anonymous_3)
FNDA:28,(anonymous_4)
FNDA:3,(anonymous_5)
DA:3,1
DA:4,1
DA:5,48
DA:7,1
DA:8,39
DA:9,32
DA:12,7
DA:14,9
DA:17,7
DA:20,1
DA:21,7
DA:22,28
DA:24,28
DA:26,7
DA:29,6
DA:32,5
DA:35,6
DA:41,4
DA:47,0
DA:51,7
DA:54,3
LF:21
LH:20
BRDA:4,0,0,20
BRDA:8,1,0,32
BRDA:8,1,1,7
BRDA:20,2,0,3
BRDA:24,3,0,7
BRDA:24,3,1,6
BRDA:24,3,2,5
BRDA:24,3,3,6
BRDA:24,3,4,4
BRDA:24,3,5,0
BRF:10
BRH:9
end_of_record
